# JRE version: Java(TM) SE Runtime Environment (8.0_151-b12) (build 1.8.0_151-b12)
# Java VM: Java HotSpot(TM) 64-Bit Server VM (25.151-b12 mixed mode linux-amd64 compressed oops)
Heap:
 PSYoungGen      total 86528K, used 22416K [0x00000000f1200000, 0x00000000fa280000, 0x0000000100000000)
  eden space 27136K, 0% used [0x00000000f1200000,0x00000000f1200000,0x00000000f2c80000)
  from space 59392K, 37% used [0x00000000f6880000,0x00000000f7e643d0,0x00000000fa280000)
  to   space 60416K, 0% used [0x00000000f2c80000,0x00000000f2c80000,0x00000000f6780000)
 ParOldGen       total 150528K, used 150031K [0x00000000d3600000, 0x00000000dc900000, 0x00000000f1200000)
  object space 150528K, 99% used [0x00000000d3600000,0x00000000dc883ff8,0x00000000dc900000)
 Metaspace       used 3269K, capacity 4564K, committed 4864K, reserved 1056768K
  class space    used 369K, capacity 388K, committed 512K, reserved 1048576K
GC Heap History (10 events):
Event: 10.820 GC heap after
Heap after GC invocations=11 (full 3):
 PSYoungGen      total 57344K, used 13282K [0x00000000f1200000, 0x00000000f7f80000, 0x0000000100000000)
  eden space 28160K, 0% used [0x00000000f1200000,0x00000000f1200000,0x00000000f2d80000)
  from space 29184K, 45% used [0x00000000f5200000,0x00000000f5ef88a0,0x00000000f6e80000)
  to   space 37376K, 0% used [0x00000000f2d80000,0x00000000f2d80000,0x00000000f5200000)
 ParOldGen       total 150528K, used 89756K [0x00000000d3600000, 0x00000000dc900000, 0x00000000f1200000)
  object space 150528K, 59% used [0x00000000d3600000,0x00000000d8da7320,0x00000000dc900000)
 Metaspace       used 3269K, capacity 4564K, committed 4864K, reserved 1056768K
  class space    used 369K, capacity 388K, committed 512K, reserved 1048576K
}
Event: 11.229 GC heap before
{Heap before GC invocations=12 (full 3):
 PSYoungGen      total 57344K, used 41442K [0x00000000f1200000, 0x00000000f7f80000, 0x0000000100000000)
  eden space 28160K, 100% used [0x00000000f1200000,0x00000000f2d80000,0x00000000f2d80000)
  from space 29184K, 45% used [0x00000000f5200000,0x00000000f5ef88a0,0x00000000f6e80000)
  to   space 37376K, 0% used [0x00000000f2d80000,0x00000000f2d80000,0x00000000f5200000)
 ParOldGen       total 150528K, used 89756K [0x00000000d3600000, 0x00000000dc900000, 0x00000000f1200000)
  object space 150528K, 59% used [0x00000000d3600000,0x00000000d8da7320,0x00000000dc900000)
 Metaspace       used 3269K, capacity 4564K, committed 4864K, reserved 1056768K
  class space    used 369K, capacity 388K, committed 512K, reserved 1048576K
Event: 11.309 GC heap after
Heap after GC invocations=12 (full 3):
 PSYoungGen      total 65536K, used 33312K [0x00000000f1200000, 0x00000000f8300000, 0x0000000100000000)
  eden space 28160K, 0% used [0x00000000f1200000,0x00000000f1200000,0x00000000f2d80000)
  from space 37376K, 89% used [0x00000000f2d80000,0x00000000f4e08000,0x00000000f5200000)
  to   space 41472K, 0% used [0x00000000f5a80000,0x00000000f5a80000,0x00000000f8300000)
 ParOldGen       total 150528K, used 89780K [0x00000000d3600000, 0x00000000dc900000, 0x00000000f1200000)
  object space 150528K, 59% used [0x00000000d3600000,0x00000000d8dad320,0x00000000dc900000)
 Metaspace       used 3269K, capacity 4564K, committed 4864K, reserved 1056768K
  class space    used 369K, capacity 388K, committed 512K, reserved 1048576K
}
Event: 11.612 GC heap before
{Heap before GC invocations=13 (full 3):
 PSYoungGen      total 65536K, used 61472K [0x00000000f1200000, 0x00000000f8300000, 0x0000000100000000)
  eden space 28160K, 100% used [0x00000000f1200000,0x00000000f2d80000,0x00000000f2d80000)
  from space 37376K, 89% used [0x00000000f2d80000,0x00000000f4e08000,0x00000000f5200000)
  to   space 41472K, 0% used [0x00000000f5a80000,0x00000000f5a80000,0x00000000f8300000)
 ParOldGen       total 150528K, used 89780K [0x00000000d3600000, 0x00000000dc900000, 0x00000000f1200000)
  object space 150528K, 59% used [0x00000000d3600000,0x00000000d8dad320,0x00000000dc900000)
 Metaspace       used 3269K, capacity 4564K, committed 4864K, reserved 1056768K
  class space    used 369K, capacity 388K, committed 512K, reserved 1048576K
Event: 11.696 GC heap after
Heap after GC invocations=13 (full 3):
 PSYoungGen      total 63488K, used 41471K [0x00000000f1200000, 0x00000000f9900000, 0x0000000100000000)
  eden space 22016K, 0% used [0x00000000f1200000,0x00000000f1200000,0x00000000f2780000)
  from space 41472K, 99% used [0x00000000f5a80000,0x00000000f82fff40,0x00000000f8300000)
  to   space 52224K, 0% used [0x00000000f2780000,0x00000000f2780000,0x00000000f5a80000)
 ParOldGen       total 150528K, used 102884K [0x00000000d3600000, 0x00000000dc900000, 0x00000000f1200000)
  object space 150528K, 68% used [0x00000000d3600000,0x00000000d9a79320,0x00000000dc900000)
 Metaspace       used 3269K, capacity 4564K, committed 4864K, reserved 1056768K
  class space    used 369K, capacity 388K, committed 512K, reserved 1048576K
}
Event: 11.978 GC heap before
{Heap before GC invocations=14 (full 3):
 PSYoungGen      total 63488K, used 63487K [0x00000000f1200000, 0x00000000f9900000, 0x0000000100000000)
  eden space 22016K, 100% used [0x00000000f1200000,0x00000000f2780000,0x00000000f2780000)
  from space 41472K, 99% used [0x00000000f5a80000,0x00000000f82fff40,0x00000000f8300000)
  to   space 52224K, 0% used [0x00000000f2780000,0x00000000f2780000,0x00000000f5a80000)
 ParOldGen       total 150528K, used 102884K [0x00000000d3600000, 0x00000000dc900000, 0x00000000f1200000)
  object space 150528K, 68% used [0x00000000d3600000,0x00000000d9a79320,0x00000000dc900000)
 Metaspace       used 3269K, capacity 4564K, committed 4864K, reserved 1056768K
  class space    used 369K, capacity 388K, committed 512K, reserved 1048576K
Event: 12.054 GC heap after
Heap after GC invocations=14 (full 3):
 PSYoungGen      total 74240K, used 52223K [0x00000000f1200000, 0x00000000fa500000, 0x0000000100000000)
  eden space 22016K, 0% used [0x00000000f1200000,0x00000000f1200000,0x00000000f2780000)
  from space 52224K, 99% used [0x00000000f2780000,0x00000000f5a7ff40,0x00000000f5a80000)
  to   space 61952K, 0% used [0x00000000f6880000,0x00000000f6880000,0x00000000fa500000)
 ParOldGen       total 150528K, used 107772K [0x00000000d3600000, 0x00000000dc900000, 0x00000000f1200000)
  object space 150528K, 71% used [0x00000000d3600000,0x00000000d9f3f320,0x00000000dc900000)
 Metaspace       used 3269K, capacity 4564K, committed 4864K, reserved 1056768K
  class space    used 369K, capacity 388K, committed 512K, reserved 1048576K
}
Event: 12.345 GC heap before
{Heap before GC invocations=15 (full 3):
 PSYoungGen      total 74240K, used 74239K [0x00000000f1200000, 0x00000000fa500000, 0x0000000100000000)
  eden space 22016K, 100% used [0x00000000f1200000,0x00000000f2780000,0x00000000f2780000)
  from space 52224K, 99% used [0x00000000f2780000,0x00000000f5a7ff40,0x00000000f5a80000)
  to   space 61952K, 0% used [0x00000000f6880000,0x00000000f6880000,0x00000000fa500000)
 ParOldGen       total 150528K, used 107772K [0x00000000d3600000, 0x00000000dc900000, 0x00000000f1200000)
  object space 150528K, 71% used [0x00000000d3600000,0x00000000d9f3f320,0x00000000dc900000)
 Metaspace       used 3269K, capacity 4564K, committed 4864K, reserved 1056768K
  class space    used 369K, capacity 388K, committed 512K, reserved 1048576K
Event: 12.451 GC heap after
Heap after GC invocations=15 (full 3):
 PSYoungGen      total 86528K, used 31200K [0x00000000f1200000, 0x00000000fa280000, 0x0000000100000000)
  eden space 27136K, 0% used [0x00000000f1200000,0x00000000f1200000,0x00000000f2c80000)
  from space 59392K, 52% used [0x00000000f6880000,0x00000000f86f8000,0x00000000fa280000)
  to   space 60416K, 0% used [0x00000000f2c80000,0x00000000f2c80000,0x00000000f6780000)
 ParOldGen       total 150528K, used 144516K [0x00000000d3600000, 0x00000000dc900000, 0x00000000f1200000)
  object space 150528K, 96% used [0x00000000d3600000,0x00000000dc321260,0x00000000dc900000)
 Metaspace       used 3269K, capacity 4564K, committed 4864K, reserved 1056768K
  class space    used 369K, capacity 388K, committed 512K, reserved 1048576K
}
Event: 12.451 GC heap before
{Heap before GC invocations=16 (full 4):
 PSYoungGen      total 86528K, used 31200K [0x00000000f1200000, 0x00000000fa280000, 0x0000000100000000)
  eden space 27136K, 0% used [0x00000000f1200000,0x00000000f1200000,0x00000000f2c80000)
  from space 59392K, 52% used [0x00000000f6880000,0x00000000f86f8000,0x00000000fa280000)
  to   space 60416K, 0% used [0x00000000f2c80000,0x00000000f2c80000,0x00000000f6780000)
 ParOldGen       total 150528K, used 144516K [0x00000000d3600000, 0x00000000dc900000, 0x00000000f1200000)
  object space 150528K, 96% used [0x00000000d3600000,0x00000000dc321260,0x00000000dc900000)
 Metaspace       used 3269K, capacity 4564K, committed 4864K, reserved 1056768K
  class space    used 369K, capacity 388K, committed 512K, reserved 1048576K

